<?xml version="1.0" encoding="UTF-8"?>
<testng-results ignored="0" total="8" passed="8" failed="0" skipped="0">
  <reporter-output>
  </reporter-output>
  <suite started-at="2024-07-18T20:27:53 IST" name="All Test Suite" finished-at="2024-07-18T20:28:28 IST" duration-ms="35000">
    <groups>
    </groups>
    <test started-at="2024-07-18T20:27:53 IST" name="C:/Users/welcome/Desktop/HybridTestNgFramework" finished-at="2024-07-18T20:28:28 IST" duration-ms="35000">
      <class name="com.tutorialsNinja.qa.testcases.LoginPageTest">
        <test-method is-config="true" signature="setUp()[pri:0, instance:com.tutorialsNinja.qa.testcases.LoginPageTest@49dc7102]" started-at="2024-07-18T20:27:54 IST" name="setUp" finished-at="2024-07-18T20:27:57 IST" duration-ms="2951" status="PASS">
          <reporter-output>
          </reporter-output>
        </test-method> <!-- setUp -->
        <test-method signature="verifyLoginWithValidCredentials(java.lang.String,java.lang.String)[pri:1, instance:com.tutorialsNinja.qa.testcases.LoginPageTest@49dc7102]" started-at="2024-07-18T20:27:57 IST" name="verifyLoginWithValidCredentials" data-provider="validCredentials" finished-at="2024-07-18T20:27:58 IST" duration-ms="1069" status="PASS">
          <params>
            <param index="0">
              <value>
                <![CDATA[chitti8142@gmail.com]]>
              </value>
            </param>
            <param index="1">
              <value>
                <![CDATA[12345]]>
              </value>
            </param>
          </params>
          <reporter-output>
          </reporter-output>
        </test-method> <!-- verifyLoginWithValidCredentials -->
        <test-method is-config="true" signature="tearDown()[pri:0, instance:com.tutorialsNinja.qa.testcases.LoginPageTest@49dc7102]" started-at="2024-07-18T20:27:58 IST" name="tearDown" finished-at="2024-07-18T20:27:59 IST" duration-ms="638" status="PASS">
          <reporter-output>
          </reporter-output>
        </test-method> <!-- tearDown -->
        <test-method is-config="true" signature="setUp()[pri:0, instance:com.tutorialsNinja.qa.testcases.LoginPageTest@49dc7102]" started-at="2024-07-18T20:27:59 IST" name="setUp" finished-at="2024-07-18T20:28:01 IST" duration-ms="2253" status="PASS">
          <reporter-output>
          </reporter-output>
        </test-method> <!-- setUp -->
        <test-method signature="verifyLoginWithValidCredentials(java.lang.String,java.lang.String)[pri:1, instance:com.tutorialsNinja.qa.testcases.LoginPageTest@49dc7102]" started-at="2024-07-18T20:28:01 IST" name="verifyLoginWithValidCredentials" data-provider="validCredentials" finished-at="2024-07-18T20:28:02 IST" duration-ms="1092" status="PASS">
          <params>
            <param index="0">
              <value>
                <![CDATA[chitti81421@gmail.com]]>
              </value>
            </param>
            <param index="1">
              <value>
                <![CDATA[12345]]>
              </value>
            </param>
          </params>
          <reporter-output>
          </reporter-output>
        </test-method> <!-- verifyLoginWithValidCredentials -->
        <test-method is-config="true" signature="tearDown()[pri:0, instance:com.tutorialsNinja.qa.testcases.LoginPageTest@49dc7102]" started-at="2024-07-18T20:28:02 IST" name="tearDown" finished-at="2024-07-18T20:28:03 IST" duration-ms="623" status="PASS">
          <reporter-output>
          </reporter-output>
        </test-method> <!-- tearDown -->
        <test-method is-config="true" signature="setUp()[pri:0, instance:com.tutorialsNinja.qa.testcases.LoginPageTest@49dc7102]" started-at="2024-07-18T20:28:03 IST" name="setUp" finished-at="2024-07-18T20:28:05 IST" duration-ms="2266" status="PASS">
          <reporter-output>
          </reporter-output>
        </test-method> <!-- setUp -->
        <test-method signature="verifyLoginWithValidCredentials(java.lang.String,java.lang.String)[pri:1, instance:com.tutorialsNinja.qa.testcases.LoginPageTest@49dc7102]" started-at="2024-07-18T20:28:05 IST" name="verifyLoginWithValidCredentials" data-provider="validCredentials" finished-at="2024-07-18T20:28:06 IST" duration-ms="1029" status="PASS">
          <params>
            <param index="0">
              <value>
                <![CDATA[chitti81422@gmail.com]]>
              </value>
            </param>
            <param index="1">
              <value>
                <![CDATA[12345]]>
              </value>
            </param>
          </params>
          <reporter-output>
          </reporter-output>
        </test-method> <!-- verifyLoginWithValidCredentials -->
        <test-method is-config="true" signature="tearDown()[pri:0, instance:com.tutorialsNinja.qa.testcases.LoginPageTest@49dc7102]" started-at="2024-07-18T20:28:06 IST" name="tearDown" finished-at="2024-07-18T20:28:07 IST" duration-ms="617" status="PASS">
          <reporter-output>
          </reporter-output>
        </test-method> <!-- tearDown -->
        <test-method is-config="true" signature="setUp()[pri:0, instance:com.tutorialsNinja.qa.testcases.LoginPageTest@49dc7102]" started-at="2024-07-18T20:28:07 IST" name="setUp" finished-at="2024-07-18T20:28:09 IST" duration-ms="2642" status="PASS">
          <reporter-output>
          </reporter-output>
        </test-method> <!-- setUp -->
        <test-method signature="verifyLoginWithInvalidCredentials()[pri:2, instance:com.tutorialsNinja.qa.testcases.LoginPageTest@49dc7102]" started-at="2024-07-18T20:28:09 IST" name="verifyLoginWithInvalidCredentials" finished-at="2024-07-18T20:28:11 IST" duration-ms="1536" status="PASS">
          <reporter-output>
          </reporter-output>
        </test-method> <!-- verifyLoginWithInvalidCredentials -->
        <test-method is-config="true" signature="tearDown()[pri:0, instance:com.tutorialsNinja.qa.testcases.LoginPageTest@49dc7102]" started-at="2024-07-18T20:28:11 IST" name="tearDown" finished-at="2024-07-18T20:28:11 IST" duration-ms="0" status="PASS">
          <reporter-output>
          </reporter-output>
        </test-method> <!-- tearDown -->
      </class> <!-- com.tutorialsNinja.qa.testcases.LoginPageTest -->
      <class name="com.tutorialsNinja.qa.testcases.RegisterPageTest">
        <test-method is-config="true" signature="setUp()[pri:0, instance:com.tutorialsNinja.qa.testcases.RegisterPageTest@446293d]" started-at="2024-07-18T20:28:11 IST" name="setUp" finished-at="2024-07-18T20:28:14 IST" duration-ms="3242" status="PASS">
          <reporter-output>
          </reporter-output>
        </test-method> <!-- setUp -->
        <test-method signature="registerTheDetails()[pri:1, instance:com.tutorialsNinja.qa.testcases.RegisterPageTest@446293d]" started-at="2024-07-18T20:28:14 IST" name="registerTheDetails" finished-at="2024-07-18T20:28:15 IST" duration-ms="1319" status="PASS">
          <reporter-output>
          </reporter-output>
        </test-method> <!-- registerTheDetails -->
        <test-method is-config="true" signature="tearDown()[pri:0, instance:com.tutorialsNinja.qa.testcases.RegisterPageTest@446293d]" started-at="2024-07-18T20:28:15 IST" name="tearDown" finished-at="2024-07-18T20:28:16 IST" duration-ms="747" status="PASS">
          <reporter-output>
          </reporter-output>
        </test-method> <!-- tearDown -->
        <test-method is-config="true" signature="setUp()[pri:0, instance:com.tutorialsNinja.qa.testcases.RegisterPageTest@446293d]" started-at="2024-07-18T20:28:16 IST" name="setUp" finished-at="2024-07-18T20:28:20 IST" duration-ms="4126" status="PASS">
          <reporter-output>
          </reporter-output>
        </test-method> <!-- setUp -->
        <test-method signature="registerWithOutFillingDetails()[pri:2, instance:com.tutorialsNinja.qa.testcases.RegisterPageTest@446293d]" started-at="2024-07-18T20:28:20 IST" name="registerWithOutFillingDetails" finished-at="2024-07-18T20:28:21 IST" duration-ms="491" status="PASS">
          <reporter-output>
          </reporter-output>
        </test-method> <!-- registerWithOutFillingDetails -->
        <test-method is-config="true" signature="tearDown()[pri:0, instance:com.tutorialsNinja.qa.testcases.RegisterPageTest@446293d]" started-at="2024-07-18T20:28:21 IST" name="tearDown" finished-at="2024-07-18T20:28:21 IST" duration-ms="625" status="PASS">
          <reporter-output>
          </reporter-output>
        </test-method> <!-- tearDown -->
      </class> <!-- com.tutorialsNinja.qa.testcases.RegisterPageTest -->
      <class name="com.tutorialsNinja.qa.testcases.SearchPageTest">
        <test-method is-config="true" signature="setUp()[pri:0, instance:com.tutorialsNinja.qa.testcases.SearchPageTest@69997e9d]" started-at="2024-07-18T20:28:21 IST" name="setUp" finished-at="2024-07-18T20:28:24 IST" duration-ms="2342" status="PASS">
          <reporter-output>
          </reporter-output>
        </test-method> <!-- setUp -->
        <test-method signature="searchWithValidProduct()[pri:1, instance:com.tutorialsNinja.qa.testcases.SearchPageTest@69997e9d]" started-at="2024-07-18T20:28:24 IST" name="searchWithValidProduct" finished-at="2024-07-18T20:28:24 IST" duration-ms="426" status="PASS">
          <reporter-output>
          </reporter-output>
        </test-method> <!-- searchWithValidProduct -->
        <test-method is-config="true" signature="tearDown()[pri:0, instance:com.tutorialsNinja.qa.testcases.SearchPageTest@69997e9d]" started-at="2024-07-18T20:28:24 IST" name="tearDown" finished-at="2024-07-18T20:28:25 IST" duration-ms="644" status="PASS">
          <reporter-output>
          </reporter-output>
        </test-method> <!-- tearDown -->
        <test-method is-config="true" signature="setUp()[pri:0, instance:com.tutorialsNinja.qa.testcases.SearchPageTest@69997e9d]" started-at="2024-07-18T20:28:25 IST" name="setUp" finished-at="2024-07-18T20:28:27 IST" duration-ms="2307" status="PASS">
          <reporter-output>
          </reporter-output>
        </test-method> <!-- setUp -->
        <test-method signature="searchWithInValidProduct()[pri:2, instance:com.tutorialsNinja.qa.testcases.SearchPageTest@69997e9d]" started-at="2024-07-18T20:28:27 IST" name="searchWithInValidProduct" finished-at="2024-07-18T20:28:27 IST" duration-ms="436" status="PASS">
          <reporter-output>
          </reporter-output>
        </test-method> <!-- searchWithInValidProduct -->
        <test-method is-config="true" signature="tearDown()[pri:0, instance:com.tutorialsNinja.qa.testcases.SearchPageTest@69997e9d]" started-at="2024-07-18T20:28:27 IST" name="tearDown" finished-at="2024-07-18T20:28:28 IST" duration-ms="647" status="PASS">
          <reporter-output>
          </reporter-output>
        </test-method> <!-- tearDown -->
      </class> <!-- com.tutorialsNinja.qa.testcases.SearchPageTest -->
    </test> <!-- C:/Users/welcome/Desktop/HybridTestNgFramework -->
  </suite> <!-- All Test Suite -->
</testng-results>
